[13:45:44][PluginLoader][WARNING] Plugins directory not found.
[13:45:44][ProcessManager][WARNING] Failed to read PIDs: pid-list.txt (The system cannot find the file specified)
[13:45:44][NATTCore][INFO] NATT CORE initialization done
Version: 1.7.0 
Configuration path: https://gitlab.com/ap5vs/test-config/telnet-server-config/-/raw/main/test-config-3.yaml?ref_type=heads
Configuration loading mode: FROM URL
[13:45:44][NATTCore][INFO] Working directory path: C:\Users\micha\OneDrive\Po?Ìta?\telnet-server
[13:45:44][NATTCore][INFO] Start loading of the configuration file ...
[13:45:45][NetworkIO][INFO] Yaml data has been loaded from network location (https://gitlab.com/ap5vs/test-config/telnet-server-config/-/raw/main/test-config-3.yaml?ref_type=heads)
[13:45:45][NATTCore][INFO] Configuration loading done
[13:45:45][NATTCore][INFO] Start building test structure according to the configuration ...
[13:45:45][NATTCore][INFO] Test structure ...
[13:45:45][NATTCore][INFO] Test structure building done
[13:45:45][NATTCore][INFO] Start test executing ...
[13:45:45][TestReportGenerator][INFO] Extenet reports generated. Final report will be saved to file: test_report.html
[13:45:45][NATTCore][INFO] Starts execution on the root keyword  ...
[13:45:45][MessageBuffer][INFO] Message buffer created for module with name: default
[13:45:45][ExternalProgramRunner][INFO] (default) Run external app with command: java -jar app/build/libs/app.jar 9999 5
[13:45:45][ProcessManager][INFO] New PID (1012) added to file
[13:45:45][WaitKw][INFO] Waiting: 800 ms
[13:45:46][MessageBuffer][INFO] Message buffer created for module with name: client-1
[13:45:46][TelnetClient][WARNING] (client-1) Failed to establish a connection with the host 'localhost' on port '9999'
[13:45:46][WaitKw][INFO] Waiting: 600 ms
[13:45:47][TestSuiteKw][INFO] Test case 'Test komunikace jednoho klienta 1' starts executing now
[13:45:47][WaitKw][INFO] Waiting: 900 ms
[13:45:48][NATTContext][INFO] Data has been stored in to the variable 'var-1'. Data value: 
[13:45:48][AssertEqualsKw][WARNING] Assertion failed. True was expected as the result. Condition: (Value of variable '' must equals expected text 'This is a test message')
[13:45:48][TestSuiteKw][ERROR] Test suite 'Testov√°n√≠ serveru s jedn√≠m klientem' - Test case 'Test komunikace jednoho klienta 1' failed
[13:45:48][MessageBuffer][INFO] Message buffer cleared
[13:45:48][TestSuiteKw][INFO] Test case 'Test komunikace jednoho klienta 2' starts executing now
[13:45:48][WaitKw][INFO] Waiting: 600 ms
[13:45:49][WaitKw][INFO] Waiting: 900 ms
[13:45:50][NATTContext][INFO] Data has been stored in to the variable 'var-1'. Data value: 
[13:45:50][NATTContext][INFO] Data has been stored in to the variable 'var-2'. Data value: 
[13:45:50][AssertEqualsKw][WARNING] Assertion failed. True was expected as the result. Condition: (Value of variable '' must equals expected text 'Testing message 123')
[13:45:50][AssertEqualsKw][WARNING] Assertion failed. True was expected as the result. Condition: (Value of variable '' must equals expected text 'Lorem ipsum dolor sit amet, consectetur adipiscing elit. Sed do eiusmod tempor incididunt ut labore et dolore magna aliqua.')
[13:45:50][TestSuiteKw][ERROR] Test suite 'Testov√°n√≠ serveru s jedn√≠m klientem' - Test case 'Test komunikace jednoho klienta 2' failed
[13:45:50][MessageBuffer][INFO] Message buffer cleared
[13:45:51][MessageBuffer][INFO] Message buffer cleared
[13:45:51][TelnetClient][INFO] (client-1) Telnet client [client-1] terminated
[13:45:51][TelnetClient][WARNING] (client-1) Failed to establish a connection with the host 'localhost' on port '9999'
[13:45:51][MessageBuffer][INFO] Message buffer created for module with name: client-2
[13:45:51][TelnetClient][WARNING] (client-2) Failed to establish a connection with the host 'localhost' on port '9999'
[13:45:51][MessageBuffer][INFO] Message buffer created for module with name: client-3
[13:45:51][TelnetClient][WARNING] (client-3) Failed to establish a connection with the host 'localhost' on port '9999'
[13:45:51][WaitKw][INFO] Waiting: 800 ms
[13:45:52][TestSuiteKw][INFO] Test case 'Test komunikace v√≠ce klient≈Ø 1' starts executing now
[13:45:52][WaitKw][INFO] Waiting: 900 ms
[13:45:52][NATTContext][INFO] Data has been stored in to the variable 'var-1'. Data value: 
[13:45:52][NATTContext][INFO] Data has been stored in to the variable 'var-2'. Data value: 
[13:45:52][NATTContext][INFO] Data has been stored in to the variable 'var-3'. Data value: 
[13:45:52][AssertEqualsKw][WARNING] Assertion failed. True was expected as the result. Condition: (Value of variable '' must equals expected text 'This is testing message 987654321')
[13:45:52][AssertEqualsKw][WARNING] Assertion failed. True was expected as the result. Condition: (Value of variable '' must equals expected text 'This is testing message from client #2')
[13:45:52][AssertEqualsKw][WARNING] Assertion failed. True was expected as the result. Condition: (Value of variable '' must equals expected text 'Next testing message from client 3!!')
[13:45:52][TestSuiteKw][ERROR] Test suite 'Testov√°n√≠ serveru s v√≠ce klienty' - Test case 'Test komunikace v√≠ce klient≈Ø 1' failed
[13:45:53][MessageBuffer][INFO] Message buffer cleared
[13:45:53][TestSuiteKw][INFO] Test case 'Test komunikace v√≠ce klient≈Ø 2' starts executing now
[13:45:53][WaitKw][INFO] Waiting: 1400 ms
[13:45:55][NATTContext][INFO] Data has been stored in to the variable 'var-1'. Data value: 0
[13:45:55][NATTContext][INFO] Data has been stored in to the variable 'var-2'. Data value: 0
[13:45:55][NATTContext][INFO] Data has been stored in to the variable 'var-3'. Data value: 0
[13:45:55][AssertEqualsKw][WARNING] Assertion failed. True was expected as the result. Condition: (Expected value '3.000000' must be same as the value of the variable '0')
[13:45:55][AssertEqualsKw][WARNING] Assertion failed. True was expected as the result. Condition: (Expected value '4.000000' must be same as the value of the variable '0')
[13:45:55][AssertEqualsKw][WARNING] Assertion failed. True was expected as the result. Condition: (Expected value '2.000000' must be same as the value of the variable '0')
[13:45:55][TestSuiteKw][ERROR] Test suite 'Testov√°n√≠ serveru s v√≠ce klienty' - Test case 'Test komunikace v√≠ce klient≈Ø 2' failed
[13:45:55][MessageBuffer][INFO] Message buffer cleared
[13:45:55][MessageBuffer][INFO] Message buffer cleared
[13:45:55][TelnetClient][INFO] (client-1) Telnet client [client-1] terminated
[13:45:55][TelnetClient][INFO] (client-2) Telnet client [client-2] terminated
[13:45:55][TelnetClient][INFO] (client-3) Telnet client [client-3] terminated
[13:45:55][TelnetClient][WARNING] (client-1) Failed to establish a connection with the host 'localhost' on port '9999'
[13:45:55][WaitKw][INFO] Waiting: 500 ms
[13:45:56][TelnetClient][WARNING] (client-2) Failed to establish a connection with the host 'localhost' on port '9999'
[13:45:56][WaitKw][INFO] Waiting: 500 ms
[13:45:56][TelnetClient][WARNING] (client-3) Failed to establish a connection with the host 'localhost' on port '9999'
[13:45:56][WaitKw][INFO] Waiting: 500 ms
[13:45:57][MessageBuffer][INFO] Message buffer created for module with name: client-4
[13:45:57][TelnetClient][WARNING] (client-4) Failed to establish a connection with the host 'localhost' on port '9999'
[13:45:57][WaitKw][INFO] Waiting: 500 ms
[13:45:57][MessageBuffer][INFO] Message buffer created for module with name: client-5
[13:45:57][TelnetClient][WARNING] (client-5) Failed to establish a connection with the host 'localhost' on port '9999'
[13:45:57][WaitKw][INFO] Waiting: 500 ms
[13:45:58][MessageBuffer][INFO] Message buffer created for module with name: client-6
[13:45:58][TelnetClient][WARNING] (client-6) Failed to establish a connection with the host 'localhost' on port '9999'
[13:45:58][WaitKw][INFO] Waiting: 500 ms
[13:45:58][TestSuiteKw][INFO] Test case 'Testov√°n√≠ omezen√≠ poƒ?tu klient≈Ø 1' starts executing now
[13:45:58][WaitKw][INFO] Waiting: 1200 ms
[13:46:00][NATTContext][INFO] Data has been stored in to the variable 'var-1'. Data value: 0
[13:46:00][NATTContext][INFO] Data has been stored in to the variable 'var-2'. Data value: 0
[13:46:00][AssertEqualsKw][WARNING] Assertion failed. True was expected as the result. Condition: (Expected value '2.000000' must be same as the value of the variable '0')
[13:46:00][TestSuiteKw][ERROR] Test suite 'Testov√°n√≠ omezen√≠ poƒ?tu p≈ôipojen√≠ k serveru' - Test case 'Testov√°n√≠ omezen√≠ poƒ?tu klient≈Ø 1' failed
[13:46:00][MessageBuffer][INFO] Message buffer cleared
[13:46:00][MessageBuffer][INFO] Message buffer cleared
[13:46:00][TelnetClient][INFO] (client-1) Telnet client [client-1] terminated
[13:46:00][TelnetClient][INFO] (client-2) Telnet client [client-2] terminated
[13:46:00][TelnetClient][INFO] (client-3) Telnet client [client-3] terminated
[13:46:00][TelnetClient][INFO] (client-4) Telnet client [client-4] terminated
[13:46:00][TelnetClient][INFO] (client-5) Telnet client [client-5] terminated
[13:46:00][TelnetClient][INFO] (client-6) Telnet client [client-6] terminated
[13:46:00][MessageBuffer][INFO] Message buffer cleared
[13:46:00][ExternalProgramRunner][INFO] (default) Termiting external application
[13:46:00][ProcessManager][INFO] PID (1012) removed from file
[13:46:00][NATTCore][INFO] Test executing finished
[13:46:00][NATTCore][INFO] Start generating test report
[13:46:00][ProcessManager][INFO] PID (1012) removed from file
[13:46:00][ExternalProgramRunner][WARNING] (default) External application ends with error: 1
[13:46:01][TestReportGenerator][INFO] Report saved to file
[13:46:01][NATTCore][WARNING] Failed test cases: "Test suite 'Testov√°n√≠ serveru s jedn√≠m klientem' initialization", "Test suite 'Testov√°n√≠ serveru s v√≠ce klienty' initialization", "Test suite 'Testov√°n√≠ omezen√≠ poƒ?tu p≈ôipojen√≠ k serveru' initialization", "Test komunikace jednoho klienta 1", "Test komunikace jednoho klienta 2", "Test komunikace v√≠ce klient≈Ø 1", "Test komunikace v√≠ce klient≈Ø 2", "Testov√°n√≠ omezen√≠ poƒ?tu klient≈Ø 1"
[13:46:01][NATTCore][INFO] Final score: 0.000000
[13:46:01][NATTCore][ERROR] Testing done. Leaving status: FAILED
